# JRE version: OpenJDK Runtime Environment Temurin-21.0.10+7 (21.0.10+7) (build 21.0.10+7-LTS)
# Java VM: OpenJDK 64-Bit Server VM Temurin-21.0.10+7 (21.0.10+7-LTS, mixed mode, sharing, tiered, compressed oops, compressed class ptrs, g1 gc, windows-amd64)
GC Precious Log:
 CardTable entry size: 512
 Card Set container configuration: InlinePtr #cards 4 size 8 Array Of Cards #cards 32 size 80 Howl #buckets 8 coarsen threshold 7372 Howl Bitmap #cards 1024 size 144 coarsen threshold 921 Card regions per heap region 1 cards per card region 8192
 CPUs: 12 total, 12 available
 Memory: 7930M
 Large Page Support: Disabled
 NUMA Support: Disabled
 Compressed Oops: Enabled (Zero based)
 Heap Region Size: 4M
 Heap Min Capacity: 8M
 Heap Initial Capacity: 124M
 Heap Max Capacity: 8G
 Pre-touch: Disabled
 Parallel Workers: 10
 Concurrent Workers: 3
 Concurrent Refinement Workers: 10
 Periodic GC: Disabled
Heap:
 garbage-first heap   total 368640K, used 255991K [0x0000000600000000, 0x0000000800000000)
  region size 4096K, 13 young (53248K), 2 survivors (8192K)
 Metaspace       used 183025K, committed 185984K, reserved 1245184K
  class space    used 24060K, committed 25536K, reserved 1048576K
GC Heap History (20 events):
Event: 89.756 GC heap before
{Heap before GC invocations=48 (full 0):
 garbage-first heap   total 274432K, used 239668K [0x0000000600000000, 0x0000000800000000)
  region size 4096K, 15 young (61440K), 2 survivors (8192K)
 Metaspace       used 152655K, committed 155328K, reserved 1245184K
  class space    used 20085K, committed 21376K, reserved 1048576K
}
Event: 89.763 GC heap after
{Heap after GC invocations=49 (full 0):
 garbage-first heap   total 274432K, used 192889K [0x0000000600000000, 0x0000000800000000)
  region size 4096K, 2 young (8192K), 2 survivors (8192K)
 Metaspace       used 152655K, committed 155328K, reserved 1245184K
  class space    used 20085K, committed 21376K, reserved 1048576K
}
Event: 90.422 GC heap before
{Heap before GC invocations=50 (full 0):
 garbage-first heap   total 327680K, used 242041K [0x0000000600000000, 0x0000000800000000)
  region size 4096K, 14 young (57344K), 2 survivors (8192K)
 Metaspace       used 153161K, committed 155840K, reserved 1245184K
  class space    used 20133K, committed 21440K, reserved 1048576K
}
Event: 90.429 GC heap after
{Heap after GC invocations=51 (full 0):
 garbage-first heap   total 327680K, used 198926K [0x0000000600000000, 0x0000000800000000)
  region size 4096K, 2 young (8192K), 2 survivors (8192K)
 Metaspace       used 153161K, committed 155840K, reserved 1245184K
  class space    used 20133K, committed 21440K, reserved 1048576K
}
Event: 91.550 GC heap before
{Heap before GC invocations=51 (full 0):
 garbage-first heap   total 327680K, used 280846K [0x0000000600000000, 0x0000000800000000)
  region size 4096K, 23 young (94208K), 2 survivors (8192K)
 Metaspace       used 155550K, committed 158272K, reserved 1245184K
  class space    used 20396K, committed 21760K, reserved 1048576K
}
Event: 91.554 GC heap after
{Heap after GC invocations=52 (full 0):
 garbage-first heap   total 327680K, used 190517K [0x0000000600000000, 0x0000000800000000)
  region size 4096K, 2 young (8192K), 2 survivors (8192K)
 Metaspace       used 155550K, committed 158272K, reserved 1245184K
  class space    used 20396K, committed 21760K, reserved 1048576K
}
Event: 92.528 GC heap before
{Heap before GC invocations=52 (full 0):
 garbage-first heap   total 327680K, used 288821K [0x0000000600000000, 0x0000000800000000)
  region size 4096K, 26 young (106496K), 2 survivors (8192K)
 Metaspace       used 162149K, committed 164992K, reserved 1245184K
  class space    used 21205K, committed 22592K, reserved 1048576K
}
Event: 92.536 GC heap after
{Heap after GC invocations=53 (full 0):
 garbage-first heap   total 327680K, used 197322K [0x0000000600000000, 0x0000000800000000)
  region size 4096K, 4 young (16384K), 4 survivors (16384K)
 Metaspace       used 162149K, committed 164992K, reserved 1245184K
  class space    used 21205K, committed 22592K, reserved 1048576K
}
Event: 93.921 GC heap before
{Heap before GC invocations=54 (full 0):
 garbage-first heap   total 335872K, used 291530K [0x0000000600000000, 0x0000000800000000)
  region size 4096K, 27 young (110592K), 4 survivors (16384K)
 Metaspace       used 168481K, committed 171328K, reserved 1245184K
  class space    used 22088K, committed 23488K, reserved 1048576K
}
Event: 93.929 GC heap after
{Heap after GC invocations=55 (full 0):
 garbage-first heap   total 335872K, used 202909K [0x0000000600000000, 0x0000000800000000)
  region size 4096K, 3 young (12288K), 3 survivors (12288K)
 Metaspace       used 168481K, committed 171328K, reserved 1245184K
  class space    used 22088K, committed 23488K, reserved 1048576K
}
Event: 94.791 GC heap before
{Heap before GC invocations=55 (full 0):
 garbage-first heap   total 335872K, used 301213K [0x0000000600000000, 0x0000000800000000)
  region size 4096K, 28 young (114688K), 3 survivors (12288K)
 Metaspace       used 169157K, committed 171968K, reserved 1245184K
  class space    used 22099K, committed 23488K, reserved 1048576K
}
Event: 94.799 GC heap after
{Heap after GC invocations=56 (full 0):
 garbage-first heap   total 335872K, used 191158K [0x0000000600000000, 0x0000000800000000)
  region size 4096K, 2 young (8192K), 2 survivors (8192K)
 Metaspace       used 169157K, committed 171968K, reserved 1245184K
  class space    used 22099K, committed 23488K, reserved 1048576K
}
Event: 95.675 GC heap before
{Heap before GC invocations=56 (full 0):
 garbage-first heap   total 335872K, used 309942K [0x0000000600000000, 0x0000000800000000)
  region size 4096K, 31 young (126976K), 2 survivors (8192K)
 Metaspace       used 170074K, committed 172928K, reserved 1245184K
  class space    used 22165K, committed 23552K, reserved 1048576K
}
Event: 95.681 GC heap after
{Heap after GC invocations=57 (full 0):
 garbage-first heap   total 335872K, used 193707K [0x0000000600000000, 0x0000000800000000)
  region size 4096K, 2 young (8192K), 2 survivors (8192K)
 Metaspace       used 170074K, committed 172928K, reserved 1245184K
  class space    used 22165K, committed 23552K, reserved 1048576K
}
Event: 115.937 GC heap before
{Heap before GC invocations=58 (full 0):
 garbage-first heap   total 335872K, used 308395K [0x0000000600000000, 0x0000000800000000)
  region size 4096K, 30 young (122880K), 2 survivors (8192K)
 Metaspace       used 170161K, committed 172992K, reserved 1245184K
  class space    used 22166K, committed 23552K, reserved 1048576K
}
Event: 115.948 GC heap after
{Heap after GC invocations=59 (full 0):
 garbage-first heap   total 335872K, used 202419K [0x0000000600000000, 0x0000000800000000)
  region size 4096K, 4 young (16384K), 4 survivors (16384K)
 Metaspace       used 170161K, committed 172992K, reserved 1245184K
  class space    used 22166K, committed 23552K, reserved 1048576K
}
Event: 117.593 GC heap before
{Heap before GC invocations=59 (full 0):
 garbage-first heap   total 335872K, used 308915K [0x0000000600000000, 0x0000000800000000)
  region size 4096K, 30 young (122880K), 4 survivors (16384K)
 Metaspace       used 174591K, committed 177472K, reserved 1245184K
  class space    used 22727K, committed 24128K, reserved 1048576K
}
Event: 117.609 GC heap after
{Heap after GC invocations=60 (full 0):
 garbage-first heap   total 348160K, used 210728K [0x0000000600000000, 0x0000000800000000)
  region size 4096K, 3 young (12288K), 3 survivors (12288K)
 Metaspace       used 174591K, committed 177472K, reserved 1245184K
  class space    used 22727K, committed 24128K, reserved 1048576K
}
Event: 118.748 GC heap before
{Heap before GC invocations=60 (full 0):
 garbage-first heap   total 348160K, used 317224K [0x0000000600000000, 0x0000000800000000)
  region size 4096K, 29 young (118784K), 3 survivors (12288K)
 Metaspace       used 182122K, committed 185088K, reserved 1245184K
  class space    used 23898K, committed 25344K, reserved 1048576K
}
Event: 118.755 GC heap after
{Heap after GC invocations=61 (full 0):
 garbage-first heap   total 348160K, used 215031K [0x0000000600000000, 0x0000000800000000)
  region size 4096K, 2 young (8192K), 2 survivors (8192K)
 Metaspace       used 182122K, committed 185088K, reserved 1245184K
  class space    used 23898K, committed 25344K, reserved 1048576K
}

